[INFO] Scanning for projects...
[INFO] 
[INFO] --------------------< com.literature:chat-service >---------------------
[INFO] Building chat-service 0.1.0-SNAPSHOT
[INFO]   from pom.xml
[INFO] --------------------------------[ jar ]---------------------------------
[INFO] 
[INFO] >>> spring-boot:4.1.0-M1:run (default-cli) > test-compile @ chat-service >>>
[INFO] 
[INFO] --- resources:3.3.1:resources (default-resources) @ chat-service ---
[WARNING] Using platform encoding (UTF-8 actually) to copy filtered resources, i.e. build is platform dependent!
[INFO] Copying 7 resources from src/main/resources to target/classes
[INFO] 
[INFO] --- compiler:3.11.0:compile (default-compile) @ chat-service ---
[INFO] Changes detected - recompiling the module! :source
[WARNING] File encoding has not been set, using platform encoding UTF-8, i.e. build is platform dependent!
[INFO] Compiling 48 source files with javac [debug target 17] to target/classes
[INFO] 
[INFO] --- resources:3.3.1:testResources (default-testResources) @ chat-service ---
[WARNING] Using platform encoding (UTF-8 actually) to copy filtered resources, i.e. build is platform dependent!
[INFO] skip non existing resourceDirectory /Users/caoliangqiang/code/literature-archive/chat-service/src/test/resources
[INFO] 
[INFO] --- compiler:3.11.0:testCompile (default-testCompile) @ chat-service ---
[INFO] No sources to compile
[INFO] 
[INFO] <<< spring-boot:4.1.0-M1:run (default-cli) < test-compile @ chat-service <<<
[INFO] 
[INFO] 
[INFO] --- spring-boot:4.1.0-M1:run (default-cli) @ chat-service ---
[INFO] Attaching agents: []

  .   ____          _            __ _ _
 /\\ / ___'_ __ _ _(_)_ __  __ _ \ \ \ \
( ( )\___ | '_ | '_| | '_ \/ _` | \ \ \ \
 \\/  ___)| |_)| | | | | || (_| |  ) ) ) )
  '  |____| .__|_| |_|_| |_\__, | / / / /
 =========|_|==============|___/=/_/_/_/
 :: Spring Boot ::                (v3.2.3)

2026-01-31T14:24:29.076+08:00  INFO 19899 --- [chat-service] [           main] c.l.chat.ChatServiceApplication          : Starting ChatServiceApplication using Java 17.0.17 with PID 19899 (/Users/caoliangqiang/code/literature-archive/chat-service/target/classes started by caoliangqiang in /Users/caoliangqiang/code/literature-archive/chat-service)
2026-01-31T14:24:29.077+08:00  INFO 19899 --- [chat-service] [           main] c.l.chat.ChatServiceApplication          : No active profile set, falling back to 1 default profile: "default"
2026-01-31T14:24:29.375+08:00  INFO 19899 --- [chat-service] [           main] .s.d.r.c.RepositoryConfigurationDelegate : Multiple Spring Data modules found, entering strict repository configuration mode
2026-01-31T14:24:29.375+08:00  INFO 19899 --- [chat-service] [           main] .s.d.r.c.RepositoryConfigurationDelegate : Bootstrapping Spring Data MongoDB repositories in DEFAULT mode.
2026-01-31T14:24:29.435+08:00  INFO 19899 --- [chat-service] [           main] .s.d.r.c.RepositoryConfigurationDelegate : Finished Spring Data repository scanning in 57 ms. Found 1 MongoDB repository interface.
2026-01-31T14:24:29.442+08:00  INFO 19899 --- [chat-service] [           main] .s.d.r.c.RepositoryConfigurationDelegate : Multiple Spring Data modules found, entering strict repository configuration mode
2026-01-31T14:24:29.443+08:00  INFO 19899 --- [chat-service] [           main] .s.d.r.c.RepositoryConfigurationDelegate : Bootstrapping Spring Data Redis repositories in DEFAULT mode.
2026-01-31T14:24:29.449+08:00  INFO 19899 --- [chat-service] [           main] .RepositoryConfigurationExtensionSupport : Spring Data Redis - Could not safely identify store assignment for repository candidate interface com.literature.chat.repository.ChatMessageMongoRepository; If you want this repository to be a Redis repository, consider annotating your entities with one of these annotations: org.springframework.data.redis.core.RedisHash (preferred), or consider extending one of the following types with your repository: org.springframework.data.keyvalue.repository.KeyValueRepository
2026-01-31T14:24:29.449+08:00  INFO 19899 --- [chat-service] [           main] .s.d.r.c.RepositoryConfigurationDelegate : Finished Spring Data repository scanning in 3 ms. Found 0 Redis repository interfaces.
2026-01-31T14:24:29.540+08:00  INFO 19899 --- [chat-service] [           main] o.s.cloud.context.scope.GenericScope     : BeanFactory id=b029417a-1f2d-3170-b694-ed311388632e
2026-01-31T14:24:29.692+08:00  INFO 19899 --- [chat-service] [           main] o.s.b.w.embedded.tomcat.TomcatWebServer  : Tomcat initialized with port 8088 (http)
2026-01-31T14:24:29.698+08:00  INFO 19899 --- [chat-service] [           main] o.apache.catalina.core.StandardService   : Starting service [Tomcat]
2026-01-31T14:24:29.699+08:00  INFO 19899 --- [chat-service] [           main] o.apache.catalina.core.StandardEngine    : Starting Servlet engine: [Apache Tomcat/10.1.19]
2026-01-31T14:24:29.722+08:00  INFO 19899 --- [chat-service] [           main] o.a.c.c.C.[Tomcat].[localhost].[/]       : Initializing Spring embedded WebApplicationContext
2026-01-31T14:24:29.723+08:00  INFO 19899 --- [chat-service] [           main] w.s.c.ServletWebServerApplicationContext : Root WebApplicationContext: initialization completed in 633 ms
2026-01-31T14:24:29.783+08:00  INFO 19899 --- [chat-service] [           main] com.zaxxer.hikari.HikariDataSource       : HikariPool-1 - Starting...
2026-01-31T14:24:29.842+08:00  INFO 19899 --- [chat-service] [           main] com.zaxxer.hikari.pool.HikariPool        : HikariPool-1 - Added connection com.mysql.cj.jdbc.ConnectionImpl@4a6a6a69
2026-01-31T14:24:29.842+08:00  INFO 19899 --- [chat-service] [           main] com.zaxxer.hikari.HikariDataSource       : HikariPool-1 - Start completed.
2026-01-31T14:24:29.870+08:00  INFO 19899 --- [chat-service] [           main] o.f.c.internal.license.VersionPrinter    : Flyway Community Edition 9.22.3 by Redgate
2026-01-31T14:24:29.871+08:00  INFO 19899 --- [chat-service] [           main] o.f.c.internal.license.VersionPrinter    : See release notes here: https://rd.gt/416ObMi
2026-01-31T14:24:29.871+08:00  INFO 19899 --- [chat-service] [           main] o.f.c.internal.license.VersionPrinter    : 
2026-01-31T14:24:29.879+08:00  INFO 19899 --- [chat-service] [           main] org.flywaydb.core.FlywayExecutor         : Database: jdbc:mysql://127.0.0.1:3306/chat-service (MySQL 8.0)
2026-01-31T14:24:29.900+08:00  INFO 19899 --- [chat-service] [           main] o.f.core.internal.command.DbValidate     : Successfully validated 1 migration (execution time 00:00.010s)
2026-01-31T14:24:29.910+08:00  INFO 19899 --- [chat-service] [           main] o.f.core.internal.command.DbMigrate      : Current version of schema `chat-service`: 1
2026-01-31T14:24:29.911+08:00  INFO 19899 --- [chat-service] [           main] o.f.core.internal.command.DbMigrate      : Schema `chat-service` is up to date. No migration necessary.
Logging initialized using 'class org.apache.ibatis.logging.stdout.StdOutImpl' adapter.
Initialization Sequence datacenterId:0 workerId:0
 _ _   |_  _ _|_. ___ _ |    _ 
| | |\/|_)(_| | |_\  |_)||_|_\ 
     /               |         
                        3.5.5 
2026-01-31T14:24:30.804+08:00  INFO 19899 --- [chat-service] [           main] org.mongodb.driver.client                : MongoClient with metadata {"driver": {"name": "mongo-java-driver|sync|spring-boot", "version": "4.11.1"}, "os": {"type": "Darwin", "name": "Mac OS X", "architecture": "aarch64", "version": "14.4"}, "platform": "Java/Azul Systems, Inc./17.0.17+10-LTS"} created with settings MongoClientSettings{readPreference=primary, writeConcern=WriteConcern{w=null, wTimeout=null ms, journal=null}, retryWrites=true, retryReads=true, readConcern=ReadConcern{level=null}, credential=null, transportSettings=null, streamFactoryFactory=null, commandListeners=[], codecRegistry=ProvidersCodecRegistry{codecProviders=[ValueCodecProvider{}, BsonValueCodecProvider{}, DBRefCodecProvider{}, DBObjectCodecProvider{}, DocumentCodecProvider{}, CollectionCodecProvider{}, IterableCodecProvider{}, MapCodecProvider{}, GeoJsonCodecProvider{}, GridFSFileCodecProvider{}, Jsr310CodecProvider{}, JsonObjectCodecProvider{}, BsonCodecProvider{}, EnumCodecProvider{}, com.mongodb.client.model.mql.ExpressionCodecProvider@574327ed, com.mongodb.Jep395RecordCodecProvider@4c7f2fdb, com.mongodb.KotlinCodecProvider@1b5cf611]}, loggerSettings=LoggerSettings{maxDocumentLength=1000}, clusterSettings={hosts=[127.0.0.1:27017], srvServiceName=mongodb, mode=SINGLE, requiredClusterType=UNKNOWN, requiredReplicaSetName='null', serverSelector='null', clusterListeners='[]', serverSelectionTimeout='30000 ms', localThreshold='15 ms'}, socketSettings=SocketSettings{connectTimeoutMS=10000, readTimeoutMS=0, receiveBufferSize=0, proxySettings=ProxySettings{host=null, port=null, username=null, password=null}}, heartbeatSocketSettings=SocketSettings{connectTimeoutMS=10000, readTimeoutMS=10000, receiveBufferSize=0, proxySettings=ProxySettings{host=null, port=null, username=null, password=null}}, connectionPoolSettings=ConnectionPoolSettings{maxSize=100, minSize=0, maxWaitTimeMS=120000, maxConnectionLifeTimeMS=0, maxConnectionIdleTimeMS=0, maintenanceInitialDelayMS=0, maintenanceFrequencyMS=60000, connectionPoolListeners=[], maxConnecting=2}, serverSettings=ServerSettings{heartbeatFrequencyMS=10000, minHeartbeatFrequencyMS=500, serverListeners='[]', serverMonitorListeners='[]'}, sslSettings=SslSettings{enabled=false, invalidHostNameAllowed=false, context=null}, applicationName='null', compressorList=[], uuidRepresentation=JAVA_LEGACY, serverApi=null, autoEncryptionSettings=null, dnsClient=null, inetAddressResolver=null, contextProvider=null}
2026-01-31T14:24:30.809+08:00  INFO 19899 --- [chat-service] [127.0.0.1:27017] org.mongodb.driver.cluster               : Monitor thread successfully connected to server with description ServerDescription{address=127.0.0.1:27017, type=STANDALONE, state=CONNECTED, ok=true, minWireVersion=0, maxWireVersion=27, maxDocumentSize=16777216, logicalSessionTimeoutMinutes=30, roundTripTimeNanos=8437042}
2026-01-31T14:24:31.040+08:00  INFO 19899 --- [chat-service] [       Thread-3] com.literature.chat.netty.NettyServer    : Netty server started on port 9090
2026-01-31T14:24:31.144+08:00  INFO 19899 --- [chat-service] [           main] o.s.s.web.DefaultSecurityFilterChain     : Will secure any request with [org.springframework.security.web.session.DisableEncodeUrlFilter@31daf094, org.springframework.security.web.context.request.async.WebAsyncManagerIntegrationFilter@74267ece, org.springframework.security.web.context.SecurityContextHolderFilter@61c4fc34, org.springframework.security.web.header.HeaderWriterFilter@2ba4b32b, org.springframework.web.filter.CorsFilter@3e265811, org.springframework.security.web.authentication.logout.LogoutFilter@2604940, org.springframework.security.oauth2.server.resource.web.authentication.BearerTokenAuthenticationFilter@139b3a29, org.springframework.security.web.savedrequest.RequestCacheAwareFilter@5e085259, org.springframework.security.web.servletapi.SecurityContextHolderAwareRequestFilter@68ea1eb5, org.springframework.security.web.authentication.AnonymousAuthenticationFilter@55a07f97, org.springframework.security.web.session.SessionManagementFilter@2305aad0, org.springframework.security.web.access.ExceptionTranslationFilter@623ed5ed, org.springframework.security.web.access.intercept.AuthorizationFilter@7827cdfc]
2026-01-31T14:24:31.205+08:00  INFO 19899 --- [chat-service] [           main] c.alibaba.nacos.client.utils.ParamUtil   : [settings] [req-serv] nacos-server port:8848
2026-01-31T14:24:31.205+08:00  INFO 19899 --- [chat-service] [           main] c.alibaba.nacos.client.utils.ParamUtil   : [settings] [http-client] connect timeout:1000
2026-01-31T14:24:31.205+08:00  INFO 19899 --- [chat-service] [           main] c.alibaba.nacos.client.utils.ParamUtil   : PER_TASK_CONFIG_SIZE: 3000.0
2026-01-31T14:24:31.214+08:00  INFO 19899 --- [chat-service] [           main] com.alibaba.nacos.common.labels          : DefaultLabelsCollectorManager get labels.....
2026-01-31T14:24:31.214+08:00  INFO 19899 --- [chat-service] [           main] com.alibaba.nacos.common.labels          : Process LabelsCollector with [name:defaultNacosLabelsCollector]
2026-01-31T14:24:31.214+08:00  INFO 19899 --- [chat-service] [           main] com.alibaba.nacos.common.labels          : default nacos collect properties raw labels: null
2026-01-31T14:24:31.214+08:00  INFO 19899 --- [chat-service] [           main] com.alibaba.nacos.common.labels          : default nacos collect properties labels: {}
2026-01-31T14:24:31.214+08:00  INFO 19899 --- [chat-service] [           main] com.alibaba.nacos.common.labels          : default nacos collect jvm raw labels: null
2026-01-31T14:24:31.214+08:00  INFO 19899 --- [chat-service] [           main] com.alibaba.nacos.common.labels          : default nacos collect jvm labels: {}
2026-01-31T14:24:31.214+08:00  INFO 19899 --- [chat-service] [           main] com.alibaba.nacos.common.labels          : default nacos collect env raw labels: null
2026-01-31T14:24:31.214+08:00  INFO 19899 --- [chat-service] [           main] com.alibaba.nacos.common.labels          : default nacos collect env labels: {}
2026-01-31T14:24:31.214+08:00  INFO 19899 --- [chat-service] [           main] com.alibaba.nacos.common.labels          : DefaultLabelsCollectorManager get labels finished,labels :{}
2026-01-31T14:24:31.217+08:00  INFO 19899 --- [chat-service] [           main] c.a.n.p.a.s.c.ClientAuthPluginManager    : [ClientAuthPluginManager] Load ClientAuthService com.alibaba.nacos.client.auth.impl.NacosClientAuthServiceImpl success.
2026-01-31T14:24:31.217+08:00  INFO 19899 --- [chat-service] [           main] c.a.n.p.a.s.c.ClientAuthPluginManager    : [ClientAuthPluginManager] Load ClientAuthService com.alibaba.nacos.client.auth.ram.RamClientAuthServiceImpl success.
2026-01-31T14:24:31.231+08:00  INFO 19899 --- [chat-service] [       Thread-4] c.a.n.c.a.r.identify.CredentialWatcher   : null No credential found
2026-01-31T14:24:31.433+08:00  INFO 19899 --- [chat-service] [           main] o.s.b.w.embedded.tomcat.TomcatWebServer  : Tomcat started on port 8088 (http) with context path ''
2026-01-31T14:24:31.435+08:00  INFO 19899 --- [chat-service] [           main] com.alibaba.nacos.client.naming          : initializer namespace from ans.namespace attribute : null
2026-01-31T14:24:31.436+08:00  INFO 19899 --- [chat-service] [           main] com.alibaba.nacos.client.naming          : initializer namespace from ALIBABA_ALIWARE_NAMESPACE attribute :null
2026-01-31T14:24:31.436+08:00  INFO 19899 --- [chat-service] [           main] com.alibaba.nacos.client.naming          : initializer namespace from namespace attribute :null
2026-01-31T14:24:31.439+08:00  INFO 19899 --- [chat-service] [           main] com.alibaba.nacos.client.naming          : FailoverDataSource type is class com.alibaba.nacos.client.naming.backups.datasource.DiskFailoverDataSource
2026-01-31T14:24:31.440+08:00  INFO 19899 --- [chat-service] [           main] c.a.n.p.a.s.c.ClientAuthPluginManager    : [ClientAuthPluginManager] Load ClientAuthService com.alibaba.nacos.client.auth.impl.NacosClientAuthServiceImpl success.
2026-01-31T14:24:31.441+08:00  INFO 19899 --- [chat-service] [           main] c.a.n.p.a.s.c.ClientAuthPluginManager    : [ClientAuthPluginManager] Load ClientAuthService com.alibaba.nacos.client.auth.ram.RamClientAuthServiceImpl success.
2026-01-31T14:24:31.443+08:00  INFO 19899 --- [chat-service] [           main] com.alibaba.nacos.common.remote.client   : [RpcClientFactory] create a new rpc client of 2d5dac94-2f7f-46bc-a88c-8eb0a2bdbc45
2026-01-31T14:24:31.449+08:00  INFO 19899 --- [chat-service] [           main] com.alibaba.nacos.client.naming          : Create naming rpc client for uuid->2d5dac94-2f7f-46bc-a88c-8eb0a2bdbc45
2026-01-31T14:24:31.449+08:00  INFO 19899 --- [chat-service] [           main] com.alibaba.nacos.common.remote.client   : [2d5dac94-2f7f-46bc-a88c-8eb0a2bdbc45] RpcClient init, ServerListFactory = com.alibaba.nacos.client.naming.core.ServerListManager
2026-01-31T14:24:31.449+08:00  INFO 19899 --- [chat-service] [           main] com.alibaba.nacos.common.remote.client   : [2d5dac94-2f7f-46bc-a88c-8eb0a2bdbc45] Registry connection listener to current client:com.alibaba.nacos.client.naming.remote.gprc.redo.NamingGrpcRedoService
2026-01-31T14:24:31.449+08:00  INFO 19899 --- [chat-service] [           main] com.alibaba.nacos.common.remote.client   : [2d5dac94-2f7f-46bc-a88c-8eb0a2bdbc45] Register server push request handler:com.alibaba.nacos.client.naming.remote.gprc.NamingPushRequestHandler
2026-01-31T14:24:31.450+08:00  INFO 19899 --- [chat-service] [           main] com.alibaba.nacos.common.remote.client   : [2d5dac94-2f7f-46bc-a88c-8eb0a2bdbc45] Try to connect to server on start up, server: {serverIp = '127.0.0.1', server main port = 8848}
2026-01-31T14:24:31.460+08:00  INFO 19899 --- [chat-service] [           main] c.a.n.c.remote.client.grpc.GrpcClient    : grpc client connection server:127.0.0.1 ip,serverPort:9848,grpcTslConfig:{"sslProvider":"","enableTls":false,"mutualAuthEnable":false,"trustAll":false}
2026-01-31T14:24:31.851+08:00  INFO 19899 --- [chat-service] [           main] c.a.n.c.a.AbstractAbilityControlManager  : Ready to get current node abilities...
2026-01-31T14:24:31.852+08:00  INFO 19899 --- [chat-service] [           main] c.a.n.c.a.AbstractAbilityControlManager  : Ready to initialize current node abilities, support modes: [SDK_CLIENT]
2026-01-31T14:24:31.852+08:00  INFO 19899 --- [chat-service] [           main] c.a.n.c.a.AbstractAbilityControlManager  : Initialize current abilities finish...
2026-01-31T14:24:31.852+08:00  INFO 19899 --- [chat-service] [           main] c.a.n.c.a.d.NacosAbilityManagerHolder    : [AbilityControlManager] Successfully initialize AbilityControlManager
2026-01-31T14:24:32.200+08:00  INFO 19899 --- [chat-service] [           main] com.alibaba.nacos.common.remote.client   : [2d5dac94-2f7f-46bc-a88c-8eb0a2bdbc45] Success to connect to server [127.0.0.1:8848] on start up, connectionId = 1769840671695_192.168.65.1_55775
2026-01-31T14:24:32.200+08:00  INFO 19899 --- [chat-service] [remote.worker.0] com.alibaba.nacos.common.remote.client   : [2d5dac94-2f7f-46bc-a88c-8eb0a2bdbc45] Notify connected event to listeners.
2026-01-31T14:24:32.200+08:00  INFO 19899 --- [chat-service] [           main] com.alibaba.nacos.common.remote.client   : [2d5dac94-2f7f-46bc-a88c-8eb0a2bdbc45] Register server push request handler:com.alibaba.nacos.common.remote.client.RpcClient$ConnectResetRequestHandler
2026-01-31T14:24:32.200+08:00  INFO 19899 --- [chat-service] [remote.worker.0] com.alibaba.nacos.client.naming          : Grpc connection connect
2026-01-31T14:24:32.200+08:00  INFO 19899 --- [chat-service] [           main] com.alibaba.nacos.common.remote.client   : [2d5dac94-2f7f-46bc-a88c-8eb0a2bdbc45] Register server push request handler:com.alibaba.nacos.common.remote.client.RpcClient$$Lambda$1957/0x000000a001aa19c8
2026-01-31T14:24:32.201+08:00  INFO 19899 --- [chat-service] [           main] com.alibaba.nacos.client.naming          : [REGISTER-SERVICE] public registering service chat-service with instance Instance{instanceId='null', ip='192.168.18.116', port=8088, weight=1.0, healthy=true, enabled=true, ephemeral=true, clusterName='DEFAULT', serviceName='null', metadata={IPv6=[240e:398:ef3:1103:0:0:0:a7c], preserved.register.source=SPRING_CLOUD}}
2026-01-31T14:24:32.285+08:00  INFO 19899 --- [chat-service] [           main] c.a.c.n.registry.NacosServiceRegistry    : nacos registry, DEFAULT_GROUP chat-service 192.168.18.116:8088 register finished
2026-01-31T14:24:32.312+08:00  INFO 19899 --- [chat-service] [           main] o.a.k.clients.consumer.ConsumerConfig    : ConsumerConfig values: 
	allow.auto.create.topics = true
	auto.commit.interval.ms = 5000
	auto.include.jmx.reporter = true
	auto.offset.reset = latest
	bootstrap.servers = [127.0.0.1:9092]
	check.crcs = true
	client.dns.lookup = use_all_dns_ips
	client.id = consumer-chat-service-group-1
	client.rack = 
	connections.max.idle.ms = 540000
	default.api.timeout.ms = 60000
	enable.auto.commit = false
	exclude.internal.topics = true
	fetch.max.bytes = 52428800
	fetch.max.wait.ms = 500
	fetch.min.bytes = 1
	group.id = chat-service-group
	group.instance.id = null
	heartbeat.interval.ms = 3000
	interceptor.classes = []
	internal.leave.group.on.close = true
	internal.throw.on.fetch.stable.offset.unsupported = false
	isolation.level = read_uncommitted
	key.deserializer = class org.apache.kafka.common.serialization.StringDeserializer
	max.partition.fetch.bytes = 1048576
	max.poll.interval.ms = 300000
	max.poll.records = 500
	metadata.max.age.ms = 300000
	metric.reporters = []
	metrics.num.samples = 2
	metrics.recording.level = INFO
	metrics.sample.window.ms = 30000
	partition.assignment.strategy = [class org.apache.kafka.clients.consumer.RangeAssignor, class org.apache.kafka.clients.consumer.CooperativeStickyAssignor]
	receive.buffer.bytes = 65536
	reconnect.backoff.max.ms = 1000
	reconnect.backoff.ms = 50
	request.timeout.ms = 30000
	retry.backoff.ms = 100
	sasl.client.callback.handler.class = null
	sasl.jaas.config = null
	sasl.kerberos.kinit.cmd = /usr/bin/kinit
	sasl.kerberos.min.time.before.relogin = 60000
	sasl.kerberos.service.name = null
	sasl.kerberos.ticket.renew.jitter = 0.05
	sasl.kerberos.ticket.renew.window.factor = 0.8
	sasl.login.callback.handler.class = null
	sasl.login.class = null
	sasl.login.connect.timeout.ms = null
	sasl.login.read.timeout.ms = null
	sasl.login.refresh.buffer.seconds = 300
	sasl.login.refresh.min.period.seconds = 60
	sasl.login.refresh.window.factor = 0.8
	sasl.login.refresh.window.jitter = 0.05
	sasl.login.retry.backoff.max.ms = 10000
	sasl.login.retry.backoff.ms = 100
	sasl.mechanism = GSSAPI
	sasl.oauthbearer.clock.skew.seconds = 30
	sasl.oauthbearer.expected.audience = null
	sasl.oauthbearer.expected.issuer = null
	sasl.oauthbearer.jwks.endpoint.refresh.ms = 3600000
	sasl.oauthbearer.jwks.endpoint.retry.backoff.max.ms = 10000
	sasl.oauthbearer.jwks.endpoint.retry.backoff.ms = 100
	sasl.oauthbearer.jwks.endpoint.url = null
	sasl.oauthbearer.scope.claim.name = scope
	sasl.oauthbearer.sub.claim.name = sub
	sasl.oauthbearer.token.endpoint.url = null
	security.protocol = PLAINTEXT
	security.providers = null
	send.buffer.bytes = 131072
	session.timeout.ms = 45000
	socket.connection.setup.timeout.max.ms = 30000
	socket.connection.setup.timeout.ms = 10000
	ssl.cipher.suites = null
	ssl.enabled.protocols = [TLSv1.2, TLSv1.3]
	ssl.endpoint.identification.algorithm = https
	ssl.engine.factory.class = null
	ssl.key.password = null
	ssl.keymanager.algorithm = SunX509
	ssl.keystore.certificate.chain = null
	ssl.keystore.key = null
	ssl.keystore.location = null
	ssl.keystore.password = null
	ssl.keystore.type = JKS
	ssl.protocol = TLSv1.3
	ssl.provider = null
	ssl.secure.random.implementation = null
	ssl.trustmanager.algorithm = PKIX
	ssl.truststore.certificates = null
	ssl.truststore.location = null
	ssl.truststore.password = null
	ssl.truststore.type = JKS
	value.deserializer = class org.springframework.kafka.support.serializer.JsonDeserializer

2026-01-31T14:24:32.364+08:00  INFO 19899 --- [chat-service] [           main] o.a.kafka.common.utils.AppInfoParser     : Kafka version: 3.6.1
2026-01-31T14:24:32.364+08:00  INFO 19899 --- [chat-service] [           main] o.a.kafka.common.utils.AppInfoParser     : Kafka commitId: 5e3c2b738d253ff5
2026-01-31T14:24:32.364+08:00  INFO 19899 --- [chat-service] [           main] o.a.kafka.common.utils.AppInfoParser     : Kafka startTimeMs: 1769840672363
2026-01-31T14:24:32.365+08:00  INFO 19899 --- [chat-service] [           main] fkaConsumerFactory$ExtendedKafkaConsumer : [Consumer clientId=consumer-chat-service-group-1, groupId=chat-service-group] Subscribed to topic(s): chat-messages
2026-01-31T14:24:32.374+08:00  INFO 19899 --- [chat-service] [           main] c.l.chat.ChatServiceApplication          : Started ChatServiceApplication in 3.461 seconds (process running for 3.587)
2026-01-31T14:24:32.459+08:00  INFO 19899 --- [chat-service] [ntainer#0-0-C-1] org.apache.kafka.clients.NetworkClient   : [Consumer clientId=consumer-chat-service-group-1, groupId=chat-service-group] Node -1 disconnected.
2026-01-31T14:24:32.459+08:00  WARN 19899 --- [chat-service] [ntainer#0-0-C-1] org.apache.kafka.clients.NetworkClient   : [Consumer clientId=consumer-chat-service-group-1, groupId=chat-service-group] Connection to node -1 (/127.0.0.1:9092) could not be established. Broker may not be available.
2026-01-31T14:24:32.460+08:00  WARN 19899 --- [chat-service] [ntainer#0-0-C-1] org.apache.kafka.clients.NetworkClient   : [Consumer clientId=consumer-chat-service-group-1, groupId=chat-service-group] Bootstrap broker 127.0.0.1:9092 (id: -1 rack: null) disconnected
2026-01-31T14:24:32.561+08:00  INFO 19899 --- [chat-service] [ntainer#0-0-C-1] org.apache.kafka.clients.NetworkClient   : [Consumer clientId=consumer-chat-service-group-1, groupId=chat-service-group] Node -1 disconnected.
2026-01-31T14:24:32.561+08:00  WARN 19899 --- [chat-service] [ntainer#0-0-C-1] org.apache.kafka.clients.NetworkClient   : [Consumer clientId=consumer-chat-service-group-1, groupId=chat-service-group] Connection to node -1 (/127.0.0.1:9092) could not be established. Broker may not be available.
2026-01-31T14:24:32.561+08:00  WARN 19899 --- [chat-service] [ntainer#0-0-C-1] org.apache.kafka.clients.NetworkClient   : [Consumer clientId=consumer-chat-service-group-1, groupId=chat-service-group] Bootstrap broker 127.0.0.1:9092 (id: -1 rack: null) disconnected
2026-01-31T14:24:32.714+08:00  INFO 19899 --- [chat-service] [ntainer#0-0-C-1] org.apache.kafka.clients.NetworkClient   : [Consumer clientId=consumer-chat-service-group-1, groupId=chat-service-group] Node -1 disconnected.
2026-01-31T14:24:32.714+08:00  WARN 19899 --- [chat-service] [ntainer#0-0-C-1] org.apache.kafka.clients.NetworkClient   : [Consumer clientId=consumer-chat-service-group-1, groupId=chat-service-group] Connection to node -1 (/127.0.0.1:9092) could not be established. Broker may not be available.
2026-01-31T14:24:32.714+08:00  WARN 19899 --- [chat-service] [ntainer#0-0-C-1] org.apache.kafka.clients.NetworkClient   : [Consumer clientId=consumer-chat-service-group-1, groupId=chat-service-group] Bootstrap broker 127.0.0.1:9092 (id: -1 rack: null) disconnected
2026-01-31T14:24:32.920+08:00  INFO 19899 --- [chat-service] [ntainer#0-0-C-1] org.apache.kafka.clients.NetworkClient   : [Consumer clientId=consumer-chat-service-group-1, groupId=chat-service-group] Node -1 disconnected.
2026-01-31T14:24:32.920+08:00  WARN 19899 --- [chat-service] [ntainer#0-0-C-1] org.apache.kafka.clients.NetworkClient   : [Consumer clientId=consumer-chat-service-group-1, groupId=chat-service-group] Connection to node -1 (/127.0.0.1:9092) could not be established. Broker may not be available.
2026-01-31T14:24:32.920+08:00  WARN 19899 --- [chat-service] [ntainer#0-0-C-1] org.apache.kafka.clients.NetworkClient   : [Consumer clientId=consumer-chat-service-group-1, groupId=chat-service-group] Bootstrap broker 127.0.0.1:9092 (id: -1 rack: null) disconnected
2026-01-31T14:24:33.329+08:00  INFO 19899 --- [chat-service] [ntainer#0-0-C-1] org.apache.kafka.clients.NetworkClient   : [Consumer clientId=consumer-chat-service-group-1, groupId=chat-service-group] Node -1 disconnected.
2026-01-31T14:24:33.329+08:00  WARN 19899 --- [chat-service] [ntainer#0-0-C-1] org.apache.kafka.clients.NetworkClient   : [Consumer clientId=consumer-chat-service-group-1, groupId=chat-service-group] Connection to node -1 (/127.0.0.1:9092) could not be established. Broker may not be available.
2026-01-31T14:24:33.329+08:00  WARN 19899 --- [chat-service] [ntainer#0-0-C-1] org.apache.kafka.clients.NetworkClient   : [Consumer clientId=consumer-chat-service-group-1, groupId=chat-service-group] Bootstrap broker 127.0.0.1:9092 (id: -1 rack: null) disconnected
2026-01-31T14:24:34.198+08:00  INFO 19899 --- [chat-service] [ntainer#0-0-C-1] org.apache.kafka.clients.NetworkClient   : [Consumer clientId=consumer-chat-service-group-1, groupId=chat-service-group] Node -1 disconnected.
2026-01-31T14:24:34.198+08:00  WARN 19899 --- [chat-service] [ntainer#0-0-C-1] org.apache.kafka.clients.NetworkClient   : [Consumer clientId=consumer-chat-service-group-1, groupId=chat-service-group] Connection to node -1 (/127.0.0.1:9092) could not be established. Broker may not be available.
2026-01-31T14:24:34.198+08:00  WARN 19899 --- [chat-service] [ntainer#0-0-C-1] org.apache.kafka.clients.NetworkClient   : [Consumer clientId=consumer-chat-service-group-1, groupId=chat-service-group] Bootstrap broker 127.0.0.1:9092 (id: -1 rack: null) disconnected
2026-01-31T14:24:35.117+08:00  INFO 19899 --- [chat-service] [ntainer#0-0-C-1] org.apache.kafka.clients.NetworkClient   : [Consumer clientId=consumer-chat-service-group-1, groupId=chat-service-group] Node -1 disconnected.
2026-01-31T14:24:35.117+08:00  WARN 19899 --- [chat-service] [ntainer#0-0-C-1] org.apache.kafka.clients.NetworkClient   : [Consumer clientId=consumer-chat-service-group-1, groupId=chat-service-group] Connection to node -1 (/127.0.0.1:9092) could not be established. Broker may not be available.
2026-01-31T14:24:35.117+08:00  WARN 19899 --- [chat-service] [ntainer#0-0-C-1] org.apache.kafka.clients.NetworkClient   : [Consumer clientId=consumer-chat-service-group-1, groupId=chat-service-group] Bootstrap broker 127.0.0.1:9092 (id: -1 rack: null) disconnected
2026-01-31T14:24:36.140+08:00  INFO 19899 --- [chat-service] [ntainer#0-0-C-1] org.apache.kafka.clients.NetworkClient   : [Consumer clientId=consumer-chat-service-group-1, groupId=chat-service-group] Node -1 disconnected.
2026-01-31T14:24:36.140+08:00  WARN 19899 --- [chat-service] [ntainer#0-0-C-1] org.apache.kafka.clients.NetworkClient   : [Consumer clientId=consumer-chat-service-group-1, groupId=chat-service-group] Connection to node -1 (/127.0.0.1:9092) could not be established. Broker may not be available.
2026-01-31T14:24:36.140+08:00  WARN 19899 --- [chat-service] [ntainer#0-0-C-1] org.apache.kafka.clients.NetworkClient   : [Consumer clientId=consumer-chat-service-group-1, groupId=chat-service-group] Bootstrap broker 127.0.0.1:9092 (id: -1 rack: null) disconnected
2026-01-31T14:24:37.108+08:00  INFO 19899 --- [chat-service] [ntainer#0-0-C-1] org.apache.kafka.clients.NetworkClient   : [Consumer clientId=consumer-chat-service-group-1, groupId=chat-service-group] Node -1 disconnected.
2026-01-31T14:24:37.108+08:00  WARN 19899 --- [chat-service] [ntainer#0-0-C-1] org.apache.kafka.clients.NetworkClient   : [Consumer clientId=consumer-chat-service-group-1, groupId=chat-service-group] Connection to node -1 (/127.0.0.1:9092) could not be established. Broker may not be available.
2026-01-31T14:24:37.108+08:00  WARN 19899 --- [chat-service] [ntainer#0-0-C-1] org.apache.kafka.clients.NetworkClient   : [Consumer clientId=consumer-chat-service-group-1, groupId=chat-service-group] Bootstrap broker 127.0.0.1:9092 (id: -1 rack: null) disconnected
2026-01-31T14:24:37.989+08:00  INFO 19899 --- [chat-service] [ntainer#0-0-C-1] org.apache.kafka.clients.NetworkClient   : [Consumer clientId=consumer-chat-service-group-1, groupId=chat-service-group] Node -1 disconnected.
2026-01-31T14:24:37.989+08:00  WARN 19899 --- [chat-service] [ntainer#0-0-C-1] org.apache.kafka.clients.NetworkClient   : [Consumer clientId=consumer-chat-service-group-1, groupId=chat-service-group] Connection to node -1 (/127.0.0.1:9092) could not be established. Broker may not be available.
2026-01-31T14:24:37.989+08:00  WARN 19899 --- [chat-service] [ntainer#0-0-C-1] org.apache.kafka.clients.NetworkClient   : [Consumer clientId=consumer-chat-service-group-1, groupId=chat-service-group] Bootstrap broker 127.0.0.1:9092 (id: -1 rack: null) disconnected
2026-01-31T14:24:38.909+08:00  INFO 19899 --- [chat-service] [ntainer#0-0-C-1] org.apache.kafka.clients.NetworkClient   : [Consumer clientId=consumer-chat-service-group-1, groupId=chat-service-group] Node -1 disconnected.
2026-01-31T14:24:38.909+08:00  WARN 19899 --- [chat-service] [ntainer#0-0-C-1] org.apache.kafka.clients.NetworkClient   : [Consumer clientId=consumer-chat-service-group-1, groupId=chat-service-group] Connection to node -1 (/127.0.0.1:9092) could not be established. Broker may not be available.
2026-01-31T14:24:38.909+08:00  WARN 19899 --- [chat-service] [ntainer#0-0-C-1] org.apache.kafka.clients.NetworkClient   : [Consumer clientId=consumer-chat-service-group-1, groupId=chat-service-group] Bootstrap broker 127.0.0.1:9092 (id: -1 rack: null) disconnected
2026-01-31T14:24:40.136+08:00  INFO 19899 --- [chat-service] [ntainer#0-0-C-1] org.apache.kafka.clients.NetworkClient   : [Consumer clientId=consumer-chat-service-group-1, groupId=chat-service-group] Node -1 disconnected.
2026-01-31T14:24:40.137+08:00  WARN 19899 --- [chat-service] [ntainer#0-0-C-1] org.apache.kafka.clients.NetworkClient   : [Consumer clientId=consumer-chat-service-group-1, groupId=chat-service-group] Connection to node -1 (/127.0.0.1:9092) could not be established. Broker may not be available.
2026-01-31T14:24:40.137+08:00  WARN 19899 --- [chat-service] [ntainer#0-0-C-1] org.apache.kafka.clients.NetworkClient   : [Consumer clientId=consumer-chat-service-group-1, groupId=chat-service-group] Bootstrap broker 127.0.0.1:9092 (id: -1 rack: null) disconnected
2026-01-31T14:24:41.358+08:00  INFO 19899 --- [chat-service] [ntainer#0-0-C-1] org.apache.kafka.clients.NetworkClient   : [Consumer clientId=consumer-chat-service-group-1, groupId=chat-service-group] Node -1 disconnected.
2026-01-31T14:24:41.359+08:00  WARN 19899 --- [chat-service] [ntainer#0-0-C-1] org.apache.kafka.clients.NetworkClient   : [Consumer clientId=consumer-chat-service-group-1, groupId=chat-service-group] Connection to node -1 (/127.0.0.1:9092) could not be established. Broker may not be available.
2026-01-31T14:24:41.359+08:00  WARN 19899 --- [chat-service] [ntainer#0-0-C-1] org.apache.kafka.clients.NetworkClient   : [Consumer clientId=consumer-chat-service-group-1, groupId=chat-service-group] Bootstrap broker 127.0.0.1:9092 (id: -1 rack: null) disconnected
2026-01-31T14:24:42.530+08:00  INFO 19899 --- [chat-service] [ntainer#0-0-C-1] org.apache.kafka.clients.NetworkClient   : [Consumer clientId=consumer-chat-service-group-1, groupId=chat-service-group] Node -1 disconnected.
2026-01-31T14:24:42.531+08:00  WARN 19899 --- [chat-service] [ntainer#0-0-C-1] org.apache.kafka.clients.NetworkClient   : [Consumer clientId=consumer-chat-service-group-1, groupId=chat-service-group] Connection to node -1 (/127.0.0.1:9092) could not be established. Broker may not be available.
2026-01-31T14:24:42.531+08:00  WARN 19899 --- [chat-service] [ntainer#0-0-C-1] org.apache.kafka.clients.NetworkClient   : [Consumer clientId=consumer-chat-service-group-1, groupId=chat-service-group] Bootstrap broker 127.0.0.1:9092 (id: -1 rack: null) disconnected
2026-01-31T14:24:43.757+08:00  INFO 19899 --- [chat-service] [ntainer#0-0-C-1] org.apache.kafka.clients.NetworkClient   : [Consumer clientId=consumer-chat-service-group-1, groupId=chat-service-group] Node -1 disconnected.
2026-01-31T14:24:43.758+08:00  WARN 19899 --- [chat-service] [ntainer#0-0-C-1] org.apache.kafka.clients.NetworkClient   : [Consumer clientId=consumer-chat-service-group-1, groupId=chat-service-group] Connection to node -1 (/127.0.0.1:9092) could not be established. Broker may not be available.
2026-01-31T14:24:43.758+08:00  WARN 19899 --- [chat-service] [ntainer#0-0-C-1] org.apache.kafka.clients.NetworkClient   : [Consumer clientId=consumer-chat-service-group-1, groupId=chat-service-group] Bootstrap broker 127.0.0.1:9092 (id: -1 rack: null) disconnected
2026-01-31T14:24:44.727+08:00  INFO 19899 --- [chat-service] [ntainer#0-0-C-1] org.apache.kafka.clients.NetworkClient   : [Consumer clientId=consumer-chat-service-group-1, groupId=chat-service-group] Node -1 disconnected.
2026-01-31T14:24:44.727+08:00  WARN 19899 --- [chat-service] [ntainer#0-0-C-1] org.apache.kafka.clients.NetworkClient   : [Consumer clientId=consumer-chat-service-group-1, groupId=chat-service-group] Connection to node -1 (/127.0.0.1:9092) could not be established. Broker may not be available.
2026-01-31T14:24:44.727+08:00  WARN 19899 --- [chat-service] [ntainer#0-0-C-1] org.apache.kafka.clients.NetworkClient   : [Consumer clientId=consumer-chat-service-group-1, groupId=chat-service-group] Bootstrap broker 127.0.0.1:9092 (id: -1 rack: null) disconnected
2026-01-31T14:24:45.900+08:00  INFO 19899 --- [chat-service] [ntainer#0-0-C-1] org.apache.kafka.clients.NetworkClient   : [Consumer clientId=consumer-chat-service-group-1, groupId=chat-service-group] Node -1 disconnected.
2026-01-31T14:24:45.900+08:00  WARN 19899 --- [chat-service] [ntainer#0-0-C-1] org.apache.kafka.clients.NetworkClient   : [Consumer clientId=consumer-chat-service-group-1, groupId=chat-service-group] Connection to node -1 (/127.0.0.1:9092) could not be established. Broker may not be available.
2026-01-31T14:24:45.901+08:00  WARN 19899 --- [chat-service] [ntainer#0-0-C-1] org.apache.kafka.clients.NetworkClient   : [Consumer clientId=consumer-chat-service-group-1, groupId=chat-service-group] Bootstrap broker 127.0.0.1:9092 (id: -1 rack: null) disconnected
2026-01-31T14:24:46.918+08:00  INFO 19899 --- [chat-service] [ntainer#0-0-C-1] org.apache.kafka.clients.NetworkClient   : [Consumer clientId=consumer-chat-service-group-1, groupId=chat-service-group] Node -1 disconnected.
2026-01-31T14:24:46.918+08:00  WARN 19899 --- [chat-service] [ntainer#0-0-C-1] org.apache.kafka.clients.NetworkClient   : [Consumer clientId=consumer-chat-service-group-1, groupId=chat-service-group] Connection to node -1 (/127.0.0.1:9092) could not be established. Broker may not be available.
2026-01-31T14:24:46.918+08:00  WARN 19899 --- [chat-service] [ntainer#0-0-C-1] org.apache.kafka.clients.NetworkClient   : [Consumer clientId=consumer-chat-service-group-1, groupId=chat-service-group] Bootstrap broker 127.0.0.1:9092 (id: -1 rack: null) disconnected
2026-01-31T14:24:47.836+08:00  INFO 19899 --- [chat-service] [ntainer#0-0-C-1] org.apache.kafka.clients.NetworkClient   : [Consumer clientId=consumer-chat-service-group-1, groupId=chat-service-group] Node -1 disconnected.
2026-01-31T14:24:47.836+08:00  WARN 19899 --- [chat-service] [ntainer#0-0-C-1] org.apache.kafka.clients.NetworkClient   : [Consumer clientId=consumer-chat-service-group-1, groupId=chat-service-group] Connection to node -1 (/127.0.0.1:9092) could not be established. Broker may not be available.
2026-01-31T14:24:47.836+08:00  WARN 19899 --- [chat-service] [ntainer#0-0-C-1] org.apache.kafka.clients.NetworkClient   : [Consumer clientId=consumer-chat-service-group-1, groupId=chat-service-group] Bootstrap broker 127.0.0.1:9092 (id: -1 rack: null) disconnected
2026-01-31T14:24:48.807+08:00  INFO 19899 --- [chat-service] [ntainer#0-0-C-1] org.apache.kafka.clients.NetworkClient   : [Consumer clientId=consumer-chat-service-group-1, groupId=chat-service-group] Node -1 disconnected.
2026-01-31T14:24:48.807+08:00  WARN 19899 --- [chat-service] [ntainer#0-0-C-1] org.apache.kafka.clients.NetworkClient   : [Consumer clientId=consumer-chat-service-group-1, groupId=chat-service-group] Connection to node -1 (/127.0.0.1:9092) could not be established. Broker may not be available.
2026-01-31T14:24:48.807+08:00  WARN 19899 --- [chat-service] [ntainer#0-0-C-1] org.apache.kafka.clients.NetworkClient   : [Consumer clientId=consumer-chat-service-group-1, groupId=chat-service-group] Bootstrap broker 127.0.0.1:9092 (id: -1 rack: null) disconnected
2026-01-31T14:24:49.977+08:00  INFO 19899 --- [chat-service] [ntainer#0-0-C-1] org.apache.kafka.clients.NetworkClient   : [Consumer clientId=consumer-chat-service-group-1, groupId=chat-service-group] Node -1 disconnected.
2026-01-31T14:24:49.978+08:00  WARN 19899 --- [chat-service] [ntainer#0-0-C-1] org.apache.kafka.clients.NetworkClient   : [Consumer clientId=consumer-chat-service-group-1, groupId=chat-service-group] Connection to node -1 (/127.0.0.1:9092) could not be established. Broker may not be available.
2026-01-31T14:24:49.978+08:00  WARN 19899 --- [chat-service] [ntainer#0-0-C-1] org.apache.kafka.clients.NetworkClient   : [Consumer clientId=consumer-chat-service-group-1, groupId=chat-service-group] Bootstrap broker 127.0.0.1:9092 (id: -1 rack: null) disconnected
2026-01-31T14:24:50.945+08:00  INFO 19899 --- [chat-service] [ntainer#0-0-C-1] org.apache.kafka.clients.NetworkClient   : [Consumer clientId=consumer-chat-service-group-1, groupId=chat-service-group] Node -1 disconnected.
2026-01-31T14:24:50.945+08:00  WARN 19899 --- [chat-service] [ntainer#0-0-C-1] org.apache.kafka.clients.NetworkClient   : [Consumer clientId=consumer-chat-service-group-1, groupId=chat-service-group] Connection to node -1 (/127.0.0.1:9092) could not be established. Broker may not be available.
2026-01-31T14:24:50.945+08:00  WARN 19899 --- [chat-service] [ntainer#0-0-C-1] org.apache.kafka.clients.NetworkClient   : [Consumer clientId=consumer-chat-service-group-1, groupId=chat-service-group] Bootstrap broker 127.0.0.1:9092 (id: -1 rack: null) disconnected
2026-01-31T14:24:51.812+08:00  INFO 19899 --- [chat-service] [ntainer#0-0-C-1] org.apache.kafka.clients.NetworkClient   : [Consumer clientId=consumer-chat-service-group-1, groupId=chat-service-group] Node -1 disconnected.
2026-01-31T14:24:51.813+08:00  WARN 19899 --- [chat-service] [ntainer#0-0-C-1] org.apache.kafka.clients.NetworkClient   : [Consumer clientId=consumer-chat-service-group-1, groupId=chat-service-group] Connection to node -1 (/127.0.0.1:9092) could not be established. Broker may not be available.
2026-01-31T14:24:51.813+08:00  WARN 19899 --- [chat-service] [ntainer#0-0-C-1] org.apache.kafka.clients.NetworkClient   : [Consumer clientId=consumer-chat-service-group-1, groupId=chat-service-group] Bootstrap broker 127.0.0.1:9092 (id: -1 rack: null) disconnected
2026-01-31T14:24:53.040+08:00  INFO 19899 --- [chat-service] [ntainer#0-0-C-1] org.apache.kafka.clients.NetworkClient   : [Consumer clientId=consumer-chat-service-group-1, groupId=chat-service-group] Node -1 disconnected.
2026-01-31T14:24:53.040+08:00  WARN 19899 --- [chat-service] [ntainer#0-0-C-1] org.apache.kafka.clients.NetworkClient   : [Consumer clientId=consumer-chat-service-group-1, groupId=chat-service-group] Connection to node -1 (/127.0.0.1:9092) could not be established. Broker may not be available.
2026-01-31T14:24:53.040+08:00  WARN 19899 --- [chat-service] [ntainer#0-0-C-1] org.apache.kafka.clients.NetworkClient   : [Consumer clientId=consumer-chat-service-group-1, groupId=chat-service-group] Bootstrap broker 127.0.0.1:9092 (id: -1 rack: null) disconnected
2026-01-31T14:24:54.263+08:00  INFO 19899 --- [chat-service] [ntainer#0-0-C-1] org.apache.kafka.clients.NetworkClient   : [Consumer clientId=consumer-chat-service-group-1, groupId=chat-service-group] Node -1 disconnected.
2026-01-31T14:24:54.264+08:00  WARN 19899 --- [chat-service] [ntainer#0-0-C-1] org.apache.kafka.clients.NetworkClient   : [Consumer clientId=consumer-chat-service-group-1, groupId=chat-service-group] Connection to node -1 (/127.0.0.1:9092) could not be established. Broker may not be available.
2026-01-31T14:24:54.264+08:00  WARN 19899 --- [chat-service] [ntainer#0-0-C-1] org.apache.kafka.clients.NetworkClient   : [Consumer clientId=consumer-chat-service-group-1, groupId=chat-service-group] Bootstrap broker 127.0.0.1:9092 (id: -1 rack: null) disconnected
2026-01-31T14:24:55.331+08:00  INFO 19899 --- [chat-service] [ntainer#0-0-C-1] org.apache.kafka.clients.NetworkClient   : [Consumer clientId=consumer-chat-service-group-1, groupId=chat-service-group] Node -1 disconnected.
2026-01-31T14:24:55.331+08:00  WARN 19899 --- [chat-service] [ntainer#0-0-C-1] org.apache.kafka.clients.NetworkClient   : [Consumer clientId=consumer-chat-service-group-1, groupId=chat-service-group] Connection to node -1 (/127.0.0.1:9092) could not be established. Broker may not be available.
2026-01-31T14:24:55.331+08:00  WARN 19899 --- [chat-service] [ntainer#0-0-C-1] org.apache.kafka.clients.NetworkClient   : [Consumer clientId=consumer-chat-service-group-1, groupId=chat-service-group] Bootstrap broker 127.0.0.1:9092 (id: -1 rack: null) disconnected
2026-01-31T14:24:55.516+08:00  WARN 19899 --- [chat-service] [       Thread-5] c.a.n.common.http.HttpClientBeanHolder   : [HttpClientBeanHolder] Start destroying common HttpClient
2026-01-31T14:24:55.516+08:00  WARN 19899 --- [chat-service] [       Thread-9] c.a.nacos.common.notify.NotifyCenter     : [NotifyCenter] Start destroying Publisher
2026-01-31T14:24:55.517+08:00  WARN 19899 --- [chat-service] [       Thread-9] c.a.nacos.common.notify.NotifyCenter     : [NotifyCenter] Destruction of the end
2026-01-31T14:24:55.518+08:00  WARN 19899 --- [chat-service] [       Thread-5] c.a.n.common.http.HttpClientBeanHolder   : [HttpClientBeanHolder] Destruction of the end
2026-01-31T14:24:55.526+08:00  INFO 19899 --- [chat-service] [ntainer#0-0-C-1] o.a.k.c.c.internals.ConsumerCoordinator  : [Consumer clientId=consumer-chat-service-group-1, groupId=chat-service-group] Resetting generation and member id due to: consumer pro-actively leaving the group
2026-01-31T14:24:55.526+08:00  INFO 19899 --- [chat-service] [ntainer#0-0-C-1] o.a.k.c.c.internals.ConsumerCoordinator  : [Consumer clientId=consumer-chat-service-group-1, groupId=chat-service-group] Request joining group due to: consumer pro-actively leaving the group
2026-01-31T14:24:55.526+08:00  INFO 19899 --- [chat-service] [ntainer#0-0-C-1] fkaConsumerFactory$ExtendedKafkaConsumer : [Consumer clientId=consumer-chat-service-group-1, groupId=chat-service-group] Unsubscribed all topics or patterns and assigned partitions
2026-01-31T14:24:55.527+08:00  INFO 19899 --- [chat-service] [ntainer#0-0-C-1] o.a.k.c.c.internals.ConsumerCoordinator  : [Consumer clientId=consumer-chat-service-group-1, groupId=chat-service-group] Resetting generation and member id due to: consumer pro-actively leaving the group
2026-01-31T14:24:55.527+08:00  INFO 19899 --- [chat-service] [ntainer#0-0-C-1] o.a.k.c.c.internals.ConsumerCoordinator  : [Consumer clientId=consumer-chat-service-group-1, groupId=chat-service-group] Request joining group due to: consumer pro-actively leaving the group
2026-01-31T14:24:55.529+08:00  INFO 19899 --- [chat-service] [ntainer#0-0-C-1] o.apache.kafka.common.metrics.Metrics    : Metrics scheduler closed
2026-01-31T14:24:55.529+08:00  INFO 19899 --- [chat-service] [ntainer#0-0-C-1] o.apache.kafka.common.metrics.Metrics    : Closing reporter org.apache.kafka.common.metrics.JmxReporter
2026-01-31T14:24:55.529+08:00  INFO 19899 --- [chat-service] [ntainer#0-0-C-1] o.apache.kafka.common.metrics.Metrics    : Metrics reporters closed
2026-01-31T14:24:55.530+08:00  INFO 19899 --- [chat-service] [ntainer#0-0-C-1] o.a.kafka.common.utils.AppInfoParser     : App info kafka.consumer for consumer-chat-service-group-1 unregistered
2026-01-31T14:24:55.531+08:00  INFO 19899 --- [chat-service] [ntainer#0-0-C-1] o.s.k.l.KafkaMessageListenerContainer    : chat-service-group: Consumer stopped
2026-01-31T14:25:06.561+08:00  INFO 19899 --- [chat-service] [ionShutdownHook] c.a.c.n.registry.NacosServiceRegistry    : De-registering from Nacos Server now...
2026-01-31T14:25:06.561+08:00  INFO 19899 --- [chat-service] [ionShutdownHook] com.alibaba.nacos.client.naming          : [DEREGISTER-SERVICE] public deregistering service chat-service with instance: Instance{instanceId='null', ip='192.168.18.116', port=8088, weight=1.0, healthy=true, enabled=true, ephemeral=true, clusterName='DEFAULT', serviceName='null', metadata={}}
2026-01-31T14:25:06.604+08:00  INFO 19899 --- [chat-service] [ionShutdownHook] c.a.c.n.registry.NacosServiceRegistry    : De-registration finished.
2026-01-31T14:25:06.604+08:00  INFO 19899 --- [chat-service] [ionShutdownHook] com.alibaba.nacos.client.naming          : com.alibaba.nacos.client.naming.cache.ServiceInfoHolder do shutdown begin
2026-01-31T14:25:06.604+08:00  INFO 19899 --- [chat-service] [ionShutdownHook] com.alibaba.nacos.client.naming          : com.alibaba.nacos.client.naming.backups.FailoverReactor do shutdown begin
2026-01-31T14:25:06.604+08:00  INFO 19899 --- [chat-service] [ionShutdownHook] com.alibaba.nacos.client.naming          : com.alibaba.nacos.client.naming.backups.FailoverReactor do shutdown stop
2026-01-31T14:25:06.604+08:00  INFO 19899 --- [chat-service] [ionShutdownHook] com.alibaba.nacos.client.naming          : com.alibaba.nacos.client.naming.cache.ServiceInfoHolder do shutdown stop
2026-01-31T14:25:06.604+08:00  INFO 19899 --- [chat-service] [ionShutdownHook] com.alibaba.nacos.client.naming          : com.alibaba.nacos.client.naming.remote.NamingClientProxyDelegate do shutdown begin
2026-01-31T14:25:06.604+08:00  INFO 19899 --- [chat-service] [ionShutdownHook] com.alibaba.nacos.client.naming          : com.alibaba.nacos.client.naming.core.ServiceInfoUpdateService do shutdown begin
2026-01-31T14:25:06.604+08:00  INFO 19899 --- [chat-service] [ionShutdownHook] com.alibaba.nacos.client.naming          : com.alibaba.nacos.client.naming.core.ServiceInfoUpdateService do shutdown stop
2026-01-31T14:25:06.604+08:00  INFO 19899 --- [chat-service] [ionShutdownHook] com.alibaba.nacos.client.naming          : com.alibaba.nacos.client.naming.core.ServerListManager do shutdown begin
2026-01-31T14:25:06.604+08:00  WARN 19899 --- [chat-service] [ionShutdownHook] com.alibaba.nacos.client.naming          : [NamingHttpClientManager] Start destroying NacosRestTemplate
2026-01-31T14:25:06.604+08:00  WARN 19899 --- [chat-service] [ionShutdownHook] com.alibaba.nacos.client.naming          : [NamingHttpClientManager] Destruction of the end
2026-01-31T14:25:06.604+08:00  INFO 19899 --- [chat-service] [ionShutdownHook] com.alibaba.nacos.client.naming          : com.alibaba.nacos.client.naming.core.ServerListManager do shutdown stop
2026-01-31T14:25:06.604+08:00  INFO 19899 --- [chat-service] [ionShutdownHook] com.alibaba.nacos.client.naming          : com.alibaba.nacos.client.naming.remote.http.NamingHttpClientProxy do shutdown begin
2026-01-31T14:25:06.604+08:00  WARN 19899 --- [chat-service] [ionShutdownHook] com.alibaba.nacos.client.naming          : [NamingHttpClientManager] Start destroying NacosRestTemplate
2026-01-31T14:25:06.604+08:00  WARN 19899 --- [chat-service] [ionShutdownHook] com.alibaba.nacos.client.naming          : [NamingHttpClientManager] Destruction of the end
2026-01-31T14:25:06.604+08:00  INFO 19899 --- [chat-service] [ionShutdownHook] com.alibaba.nacos.client.naming          : com.alibaba.nacos.client.naming.remote.http.NamingHttpClientProxy do shutdown stop
2026-01-31T14:25:06.605+08:00  INFO 19899 --- [chat-service] [ionShutdownHook] com.alibaba.nacos.client.naming          : Shutdown naming grpc client proxy for  uuid->2d5dac94-2f7f-46bc-a88c-8eb0a2bdbc45
2026-01-31T14:25:06.605+08:00  INFO 19899 --- [chat-service] [ionShutdownHook] com.alibaba.nacos.client.naming          : Shutdown grpc redo service executor java.util.concurrent.ScheduledThreadPoolExecutor@524f2367[Running, pool size = 1, active threads = 0, queued tasks = 1, completed tasks = 11]
2026-01-31T14:25:06.605+08:00  INFO 19899 --- [chat-service] [ionShutdownHook] com.alibaba.nacos.common.remote.client   : Shutdown rpc client, set status to shutdown
2026-01-31T14:25:06.605+08:00  INFO 19899 --- [chat-service] [ionShutdownHook] com.alibaba.nacos.common.remote.client   : Shutdown client event executor java.util.concurrent.ScheduledThreadPoolExecutor@5bad2cde[Running, pool size = 2, active threads = 2, queued tasks = 0, completed tasks = 0]
2026-01-31T14:25:06.605+08:00  INFO 19899 --- [chat-service] [ionShutdownHook] com.alibaba.nacos.common.remote.client   : Close current connection 1769840671695_192.168.65.1_55775
2026-01-31T14:25:06.607+08:00  INFO 19899 --- [chat-service] [ionShutdownHook] c.a.n.c.remote.client.grpc.GrpcClient    : Shutdown grpc executor java.util.concurrent.ThreadPoolExecutor@24097003[Running, pool size = 8, active threads = 0, queued tasks = 0, completed tasks = 26]
2026-01-31T14:25:06.607+08:00  INFO 19899 --- [chat-service] [ionShutdownHook] com.alibaba.nacos.client.naming          : shutdown and remove naming rpc client  for uuid ->2d5dac94-2f7f-46bc-a88c-8eb0a2bdbc45
2026-01-31T14:25:06.607+08:00  INFO 19899 --- [chat-service] [ionShutdownHook] c.a.n.c.a.r.identify.CredentialWatcher   : [null] CredentialWatcher is stopped
2026-01-31T14:25:06.607+08:00  INFO 19899 --- [chat-service] [ionShutdownHook] c.a.n.c.a.r.identify.CredentialService   : [null] CredentialService is freed
2026-01-31T14:25:06.607+08:00  INFO 19899 --- [chat-service] [ionShutdownHook] com.alibaba.nacos.client.naming          : com.alibaba.nacos.client.naming.remote.NamingClientProxyDelegate do shutdown stop
2026-01-31T14:25:06.609+08:00  INFO 19899 --- [chat-service] [ionShutdownHook] com.literature.chat.netty.NettyServer    : Stopping Netty server...
2026-01-31T14:25:06.609+08:00  INFO 19899 --- [chat-service] [       Thread-3] com.literature.chat.netty.NettyServer    : Stopping Netty server...
2026-01-31T14:25:06.611+08:00  INFO 19899 --- [chat-service] [ionShutdownHook] com.literature.chat.netty.NettyServer    : Netty server stopped
2026-01-31T14:25:06.611+08:00  INFO 19899 --- [chat-service] [       Thread-3] com.literature.chat.netty.NettyServer    : Netty server stopped
2026-01-31T14:25:06.619+08:00  INFO 19899 --- [chat-service] [ionShutdownHook] com.zaxxer.hikari.HikariDataSource       : HikariPool-1 - Shutdown initiated...
2026-01-31T14:25:06.621+08:00  INFO 19899 --- [chat-service] [ionShutdownHook] com.zaxxer.hikari.HikariDataSource       : HikariPool-1 - Shutdown completed.
