[INFO] Scanning for projects...
[INFO] 
[INFO] --------------------< com.literature:chat-service >---------------------
[INFO] Building chat-service 0.1.0-SNAPSHOT
[INFO]   from pom.xml
[INFO] --------------------------------[ jar ]---------------------------------
[INFO] 
[INFO] >>> spring-boot:4.1.0-M1:run (default-cli) > test-compile @ chat-service >>>
[INFO] 
[INFO] --- resources:3.3.1:resources (default-resources) @ chat-service ---
[WARNING] Using platform encoding (UTF-8 actually) to copy filtered resources, i.e. build is platform dependent!
[INFO] Copying 7 resources from src/main/resources to target/classes
[INFO] 
[INFO] --- compiler:3.11.0:compile (default-compile) @ chat-service ---
[INFO] Nothing to compile - all classes are up to date
[INFO] 
[INFO] --- resources:3.3.1:testResources (default-testResources) @ chat-service ---
[WARNING] Using platform encoding (UTF-8 actually) to copy filtered resources, i.e. build is platform dependent!
[INFO] skip non existing resourceDirectory /Users/caoliangqiang/code/literature-archive/chat-service/src/test/resources
[INFO] 
[INFO] --- compiler:3.11.0:testCompile (default-testCompile) @ chat-service ---
[INFO] No sources to compile
[INFO] 
[INFO] <<< spring-boot:4.1.0-M1:run (default-cli) < test-compile @ chat-service <<<
[INFO] 
[INFO] 
[INFO] --- spring-boot:4.1.0-M1:run (default-cli) @ chat-service ---
[INFO] Attaching agents: []

  .   ____          _            __ _ _
 /\\ / ___'_ __ _ _(_)_ __  __ _ \ \ \ \
( ( )\___ | '_ | '_| | '_ \/ _` | \ \ \ \
 \\/  ___)| |_)| | | | | || (_| |  ) ) ) )
  '  |____| .__|_| |_|_| |_\__, | / / / /
 =========|_|==============|___/=/_/_/_/
 :: Spring Boot ::                (v3.2.3)

2026-01-31T14:19:34.843+08:00  INFO 19237 --- [chat-service] [           main] c.l.chat.ChatServiceApplication          : Starting ChatServiceApplication using Java 17.0.17 with PID 19237 (/Users/caoliangqiang/code/literature-archive/chat-service/target/classes started by caoliangqiang in /Users/caoliangqiang/code/literature-archive/chat-service)
2026-01-31T14:19:34.844+08:00  INFO 19237 --- [chat-service] [           main] c.l.chat.ChatServiceApplication          : No active profile set, falling back to 1 default profile: "default"
2026-01-31T14:19:35.142+08:00  INFO 19237 --- [chat-service] [           main] .s.d.r.c.RepositoryConfigurationDelegate : Multiple Spring Data modules found, entering strict repository configuration mode
2026-01-31T14:19:35.142+08:00  INFO 19237 --- [chat-service] [           main] .s.d.r.c.RepositoryConfigurationDelegate : Bootstrapping Spring Data MongoDB repositories in DEFAULT mode.
2026-01-31T14:19:35.202+08:00  INFO 19237 --- [chat-service] [           main] .s.d.r.c.RepositoryConfigurationDelegate : Finished Spring Data repository scanning in 58 ms. Found 1 MongoDB repository interface.
2026-01-31T14:19:35.209+08:00  INFO 19237 --- [chat-service] [           main] .s.d.r.c.RepositoryConfigurationDelegate : Multiple Spring Data modules found, entering strict repository configuration mode
2026-01-31T14:19:35.209+08:00  INFO 19237 --- [chat-service] [           main] .s.d.r.c.RepositoryConfigurationDelegate : Bootstrapping Spring Data Redis repositories in DEFAULT mode.
2026-01-31T14:19:35.215+08:00  INFO 19237 --- [chat-service] [           main] .RepositoryConfigurationExtensionSupport : Spring Data Redis - Could not safely identify store assignment for repository candidate interface com.literature.chat.repository.ChatMessageMongoRepository; If you want this repository to be a Redis repository, consider annotating your entities with one of these annotations: org.springframework.data.redis.core.RedisHash (preferred), or consider extending one of the following types with your repository: org.springframework.data.keyvalue.repository.KeyValueRepository
2026-01-31T14:19:35.215+08:00  INFO 19237 --- [chat-service] [           main] .s.d.r.c.RepositoryConfigurationDelegate : Finished Spring Data repository scanning in 3 ms. Found 0 Redis repository interfaces.
2026-01-31T14:19:35.309+08:00  INFO 19237 --- [chat-service] [           main] o.s.cloud.context.scope.GenericScope     : BeanFactory id=11962ad0-ec2e-32ec-81f8-dbc9227cc63d
2026-01-31T14:19:35.459+08:00  INFO 19237 --- [chat-service] [           main] o.s.b.w.embedded.tomcat.TomcatWebServer  : Tomcat initialized with port 8088 (http)
2026-01-31T14:19:35.464+08:00  INFO 19237 --- [chat-service] [           main] o.apache.catalina.core.StandardService   : Starting service [Tomcat]
2026-01-31T14:19:35.464+08:00  INFO 19237 --- [chat-service] [           main] o.apache.catalina.core.StandardEngine    : Starting Servlet engine: [Apache Tomcat/10.1.19]
2026-01-31T14:19:35.488+08:00  INFO 19237 --- [chat-service] [           main] o.a.c.c.C.[Tomcat].[localhost].[/]       : Initializing Spring embedded WebApplicationContext
2026-01-31T14:19:35.488+08:00  INFO 19237 --- [chat-service] [           main] w.s.c.ServletWebServerApplicationContext : Root WebApplicationContext: initialization completed in 631 ms
2026-01-31T14:19:35.546+08:00  INFO 19237 --- [chat-service] [           main] com.zaxxer.hikari.HikariDataSource       : HikariPool-1 - Starting...
2026-01-31T14:19:35.606+08:00  INFO 19237 --- [chat-service] [           main] com.zaxxer.hikari.pool.HikariPool        : HikariPool-1 - Added connection com.mysql.cj.jdbc.ConnectionImpl@2326180c
2026-01-31T14:19:35.607+08:00  INFO 19237 --- [chat-service] [           main] com.zaxxer.hikari.HikariDataSource       : HikariPool-1 - Start completed.
2026-01-31T14:19:35.637+08:00  INFO 19237 --- [chat-service] [           main] o.f.c.internal.license.VersionPrinter    : Flyway Community Edition 9.22.3 by Redgate
2026-01-31T14:19:35.637+08:00  INFO 19237 --- [chat-service] [           main] o.f.c.internal.license.VersionPrinter    : See release notes here: https://rd.gt/416ObMi
2026-01-31T14:19:35.637+08:00  INFO 19237 --- [chat-service] [           main] o.f.c.internal.license.VersionPrinter    : 
2026-01-31T14:19:35.646+08:00  INFO 19237 --- [chat-service] [           main] org.flywaydb.core.FlywayExecutor         : Database: jdbc:mysql://127.0.0.1:3306/chat-service (MySQL 8.0)
2026-01-31T14:19:35.716+08:00  INFO 19237 --- [chat-service] [           main] o.f.core.internal.command.DbValidate     : Successfully validated 1 migration (execution time 00:00.012s)
2026-01-31T14:19:35.727+08:00  INFO 19237 --- [chat-service] [           main] o.f.core.internal.command.DbMigrate      : Current version of schema `chat-service`: 1
2026-01-31T14:19:35.728+08:00  INFO 19237 --- [chat-service] [           main] o.f.core.internal.command.DbMigrate      : Schema `chat-service` is up to date. No migration necessary.
Logging initialized using 'class org.apache.ibatis.logging.stdout.StdOutImpl' adapter.
Initialization Sequence datacenterId:0 workerId:30
 _ _   |_  _ _|_. ___ _ |    _ 
| | |\/|_)(_| | |_\  |_)||_|_\ 
     /               |         
                        3.5.5 
2026-01-31T14:19:36.328+08:00  INFO 19237 --- [chat-service] [           main] org.mongodb.driver.client                : MongoClient with metadata {"driver": {"name": "mongo-java-driver|sync|spring-boot", "version": "4.11.1"}, "os": {"type": "Darwin", "name": "Mac OS X", "architecture": "aarch64", "version": "14.4"}, "platform": "Java/Azul Systems, Inc./17.0.17+10-LTS"} created with settings MongoClientSettings{readPreference=primary, writeConcern=WriteConcern{w=null, wTimeout=null ms, journal=null}, retryWrites=true, retryReads=true, readConcern=ReadConcern{level=null}, credential=null, transportSettings=null, streamFactoryFactory=null, commandListeners=[], codecRegistry=ProvidersCodecRegistry{codecProviders=[ValueCodecProvider{}, BsonValueCodecProvider{}, DBRefCodecProvider{}, DBObjectCodecProvider{}, DocumentCodecProvider{}, CollectionCodecProvider{}, IterableCodecProvider{}, MapCodecProvider{}, GeoJsonCodecProvider{}, GridFSFileCodecProvider{}, Jsr310CodecProvider{}, JsonObjectCodecProvider{}, BsonCodecProvider{}, EnumCodecProvider{}, com.mongodb.client.model.mql.ExpressionCodecProvider@73b3ce31, com.mongodb.Jep395RecordCodecProvider@4687366b, com.mongodb.KotlinCodecProvider@3a17acd4]}, loggerSettings=LoggerSettings{maxDocumentLength=1000}, clusterSettings={hosts=[127.0.0.1:27017], srvServiceName=mongodb, mode=SINGLE, requiredClusterType=UNKNOWN, requiredReplicaSetName='null', serverSelector='null', clusterListeners='[]', serverSelectionTimeout='30000 ms', localThreshold='15 ms'}, socketSettings=SocketSettings{connectTimeoutMS=10000, readTimeoutMS=0, receiveBufferSize=0, proxySettings=ProxySettings{host=null, port=null, username=null, password=null}}, heartbeatSocketSettings=SocketSettings{connectTimeoutMS=10000, readTimeoutMS=10000, receiveBufferSize=0, proxySettings=ProxySettings{host=null, port=null, username=null, password=null}}, connectionPoolSettings=ConnectionPoolSettings{maxSize=100, minSize=0, maxWaitTimeMS=120000, maxConnectionLifeTimeMS=0, maxConnectionIdleTimeMS=0, maintenanceInitialDelayMS=0, maintenanceFrequencyMS=60000, connectionPoolListeners=[], maxConnecting=2}, serverSettings=ServerSettings{heartbeatFrequencyMS=10000, minHeartbeatFrequencyMS=500, serverListeners='[]', serverMonitorListeners='[]'}, sslSettings=SslSettings{enabled=false, invalidHostNameAllowed=false, context=null}, applicationName='null', compressorList=[], uuidRepresentation=JAVA_LEGACY, serverApi=null, autoEncryptionSettings=null, dnsClient=null, inetAddressResolver=null, contextProvider=null}
2026-01-31T14:19:36.335+08:00  INFO 19237 --- [chat-service] [127.0.0.1:27017] org.mongodb.driver.cluster               : Monitor thread successfully connected to server with description ServerDescription{address=127.0.0.1:27017, type=STANDALONE, state=CONNECTED, ok=true, minWireVersion=0, maxWireVersion=27, maxDocumentSize=16777216, logicalSessionTimeoutMinutes=30, roundTripTimeNanos=9238708}
2026-01-31T14:19:36.606+08:00  INFO 19237 --- [chat-service] [       Thread-3] com.literature.chat.netty.NettyServer    : Netty server started on port 9090
2026-01-31T14:19:36.689+08:00  WARN 19237 --- [chat-service] [           main] ConfigServletWebServerApplicationContext : Exception encountered during context initialization - cancelling refresh attempt: org.springframework.beans.factory.BeanCreationException: Error creating bean with name 'resourceSecurityFilterChain' defined in class path resource [com/literature/common/core/security/ResourceServerConfig.class]: Failed to instantiate [org.springframework.security.web.SecurityFilterChain]: Factory method 'resourceSecurityFilterChain' threw exception with message: No qualifying bean of type 'org.springframework.security.oauth2.jwt.JwtDecoder' available
2026-01-31T14:19:36.689+08:00  INFO 19237 --- [chat-service] [           main] com.literature.chat.netty.NettyServer    : Stopping Netty server...
2026-01-31T14:19:36.689+08:00  INFO 19237 --- [chat-service] [       Thread-3] com.literature.chat.netty.NettyServer    : Stopping Netty server...
2026-01-31T14:19:36.690+08:00  INFO 19237 --- [chat-service] [           main] com.literature.chat.netty.NettyServer    : Netty server stopped
2026-01-31T14:19:36.690+08:00  INFO 19237 --- [chat-service] [       Thread-3] com.literature.chat.netty.NettyServer    : Netty server stopped
2026-01-31T14:19:36.699+08:00  INFO 19237 --- [chat-service] [           main] com.zaxxer.hikari.HikariDataSource       : HikariPool-1 - Shutdown initiated...
2026-01-31T14:19:36.701+08:00  INFO 19237 --- [chat-service] [           main] com.zaxxer.hikari.HikariDataSource       : HikariPool-1 - Shutdown completed.
2026-01-31T14:19:36.701+08:00  INFO 19237 --- [chat-service] [           main] o.apache.catalina.core.StandardService   : Stopping service [Tomcat]
2026-01-31T14:19:36.707+08:00  INFO 19237 --- [chat-service] [           main] .s.b.a.l.ConditionEvaluationReportLogger : 

Error starting ApplicationContext. To display the condition evaluation report re-run your application with 'debug' enabled.
2026-01-31T14:19:36.713+08:00 ERROR 19237 --- [chat-service] [           main] o.s.b.d.LoggingFailureAnalysisReporter   : 

***************************
APPLICATION FAILED TO START
***************************

Description:

Method resourceSecurityFilterChain in com.literature.common.core.security.ResourceServerConfig required a bean of type 'org.springframework.security.oauth2.jwt.JwtDecoder' that could not be found.


Action:

Consider defining a bean of type 'org.springframework.security.oauth2.jwt.JwtDecoder' in your configuration.

[INFO] ------------------------------------------------------------------------
[INFO] BUILD FAILURE
[INFO] ------------------------------------------------------------------------
[INFO] Total time:  5.962 s
[INFO] Finished at: 2026-01-31T14:19:39+08:00
[INFO] ------------------------------------------------------------------------
[ERROR] Failed to execute goal org.springframework.boot:spring-boot-maven-plugin:4.1.0-M1:run (default-cli) on project chat-service: Process terminated with exit code: 1 -> [Help 1]
[ERROR] 
[ERROR] To see the full stack trace of the errors, re-run Maven with the -e switch.
[ERROR] Re-run Maven using the -X switch to enable full debug logging.
[ERROR] 
[ERROR] For more information about the errors and possible solutions, please read the following articles:
[ERROR] [Help 1] http://cwiki.apache.org/confluence/display/MAVEN/MojoExecutionException
